<?xml version="1.0" encoding="UTF-8"?>
<!-- Generated by org.testng.reporters.JUnitXMLReporter -->
<testsuite ignored="0" hostname="DESKTOP-K35V0F0" failures="0" tests="3" name="Default test" time="41.488" errors="0" timestamp="2023-11-02T01:01:04 PDT">
  <testcase classname="TestCase.TC_005_Add_To_Cart" name="login" time="4.572"/>
  <testcase classname="TestCase.TC_005_Add_To_Cart" name="verifySerchItem" time="25.28"/>
  <testcase classname="TestCase.TC_005_Add_To_Cart" name="checktextBox" time="0.478"/>
</testsuite> <!-- Default test -->
