<?xml version="1.0" encoding="UTF-8"?>
<testng-results ignored="0" total="2" passed="2" failed="0" skipped="0">
  <reporter-output>
  </reporter-output>
  <suite started-at="2023-12-16T13:15:54 IST" name="Default suite" finished-at="2023-12-16T13:16:16 IST" duration-ms="22587">
    <groups>
    </groups>
    <test started-at="2023-12-16T13:15:54 IST" name="Default test" finished-at="2023-12-16T13:16:16 IST" duration-ms="22587">
      <class name="TestCase.TC_006_CompareProdusts">
        <test-method is-config="true" signature="setup(java.lang.String)[pri:0, instance:TestCase.TC_006_CompareProdusts@1a6d8329]" started-at="2023-12-16T13:15:54 IST" name="setup" finished-at="2023-12-16T13:16:00 IST" duration-ms="6497" status="PASS">
          <params>
            <param index="0">
              <value>
                <![CDATA[chrome]]>
              </value>
            </param>
          </params>
          <reporter-output>
          </reporter-output>
        </test-method> <!-- setup -->
        <test-method signature="login()[pri:1, instance:TestCase.TC_006_CompareProdusts@1a6d8329]" started-at="2023-12-16T13:16:00 IST" name="login" finished-at="2023-12-16T13:16:05 IST" duration-ms="4578" status="PASS">
          <reporter-output>
          </reporter-output>
        </test-method> <!-- login -->
        <test-method signature="compareItems()[pri:2, instance:TestCase.TC_006_CompareProdusts@1a6d8329]" started-at="2023-12-16T13:16:05 IST" name="compareItems" finished-at="2023-12-16T13:16:16 IST" duration-ms="11162" status="PASS">
          <reporter-output>
          </reporter-output>
        </test-method> <!-- compareItems -->
        <test-method is-config="true" signature="tearDown()[pri:0, instance:TestCase.TC_006_CompareProdusts@1a6d8329]" started-at="2023-12-16T13:16:16 IST" name="tearDown" finished-at="2023-12-16T13:16:16 IST" duration-ms="310" status="PASS">
          <reporter-output>
          </reporter-output>
        </test-method> <!-- tearDown -->
      </class> <!-- TestCase.TC_006_CompareProdusts -->
    </test> <!-- Default test -->
  </suite> <!-- Default suite -->
</testng-results>
